[2015-05-10 20:55:47] local.ERROR: exception 'PDOException' with message 'SQLSTATE[HY000] [2002] No such file or directory' in /Users/ryancyrus/Documents/Workspaces/Laravel/larabook/vendor/laravel/framework/src/Illuminate/Database/Connectors/Connector.php:47
Stack trace:
#0 /Users/ryancyrus/Documents/Workspaces/Laravel/larabook/vendor/laravel/framework/src/Illuminate/Database/Connectors/Connector.php(47): PDO->__construct('mysql:host=loca...', 'ryancyrus', 'logrcin', Array)
#1 /Users/ryancyrus/Documents/Workspaces/Laravel/larabook/vendor/laravel/framework/src/Illuminate/Database/Connectors/MySqlConnector.php(20): Illuminate\Database\Connectors\Connector->createConnection('mysql:host=loca...', Array, Array)
#2 /Users/ryancyrus/Documents/Workspaces/Laravel/larabook/vendor/laravel/framework/src/Illuminate/Database/Connectors/ConnectionFactory.php(58): Illuminate\Database\Connectors\MySqlConnector->connect(Array)
#3 /Users/ryancyrus/Documents/Workspaces/Laravel/larabook/vendor/laravel/framework/src/Illuminate/Database/Connectors/ConnectionFactory.php(47): Illuminate\Database\Connectors\ConnectionFactory->createSingleConnection(Array)
#4 /Users/ryancyrus/Documents/Workspaces/Laravel/larabook/vendor/laravel/framework/src/Illuminate/Database/DatabaseManager.php(177): Illuminate\Database\Connectors\ConnectionFactory->make(Array, 'mysql')
#5 /Users/ryancyrus/Documents/Workspaces/Laravel/larabook/vendor/laravel/framework/src/Illuminate/Database/DatabaseManager.php(65): Illuminate\Database\DatabaseManager->makeConnection('mysql')
#6 /Users/ryancyrus/Documents/Workspaces/Laravel/larabook/vendor/laravel/framework/src/Illuminate/Database/Eloquent/Model.php(3138): Illuminate\Database\DatabaseManager->connection(NULL)
#7 /Users/ryancyrus/Documents/Workspaces/Laravel/larabook/vendor/laravel/framework/src/Illuminate/Database/Eloquent/Model.php(3104): Illuminate\Database\Eloquent\Model::resolveConnection(NULL)
#8 /Users/ryancyrus/Documents/Workspaces/Laravel/larabook/vendor/laravel/framework/src/Illuminate/Database/Eloquent/Model.php(1879): Illuminate\Database\Eloquent\Model->getConnection()
#9 /Users/ryancyrus/Documents/Workspaces/Laravel/larabook/vendor/laravel/framework/src/Illuminate/Database/Eloquent/Model.php(1820): Illuminate\Database\Eloquent\Model->newBaseQueryBuilder()
#10 /Users/ryancyrus/Documents/Workspaces/Laravel/larabook/vendor/laravel/framework/src/Illuminate/Database/Eloquent/Model.php(1794): Illuminate\Database\Eloquent\Model->newQueryWithoutScopes()
#11 /Users/ryancyrus/Documents/Workspaces/Laravel/larabook/vendor/laravel/framework/src/Illuminate/Auth/EloquentUserProvider.php(89): Illuminate\Database\Eloquent\Model->newQuery()
#12 /Users/ryancyrus/Documents/Workspaces/Laravel/larabook/vendor/laravel/framework/src/Illuminate/Auth/Guard.php(359): Illuminate\Auth\EloquentUserProvider->retrieveByCredentials(Array)
#13 /Users/ryancyrus/Documents/Workspaces/Laravel/larabook/vendor/laravel/framework/src/Illuminate/Foundation/Auth/AuthenticatesAndRegistersUsers.php(79): Illuminate\Auth\Guard->attempt(Array, false)
#14 [internal function]: App\Http\Controllers\Auth\AuthController->postLogin(Object(Illuminate\Http\Request))
#15 /Users/ryancyrus/Documents/Workspaces/Laravel/larabook/vendor/laravel/framework/src/Illuminate/Routing/Controller.php(246): call_user_func_array(Array, Array)
#16 /Users/ryancyrus/Documents/Workspaces/Laravel/larabook/vendor/laravel/framework/src/Illuminate/Routing/ControllerDispatcher.php(162): Illuminate\Routing\Controller->callAction('postLogin', Array)
#17 /Users/ryancyrus/Documents/Workspaces/Laravel/larabook/vendor/laravel/framework/src/Illuminate/Routing/ControllerDispatcher.php(107): Illuminate\Routing\ControllerDispatcher->call(Object(App\Http\Controllers\Auth\AuthController), Object(Illuminate\Routing\Route), 'postLogin')
#18 [internal function]: Illuminate\Routing\ControllerDispatcher->Illuminate\Routing\{closure}(Object(Illuminate\Http\Request))
#19 /Users/ryancyrus/Documents/Workspaces/Laravel/larabook/vendor/laravel/framework/src/Illuminate/Pipeline/Pipeline.php(141): call_user_func(Object(Closure), Object(Illuminate\Http\Request))
#20 /Users/ryancyrus/Documents/Workspaces/Laravel/larabook/app/Http/Middleware/RedirectIfAuthenticated.php(42): Illuminate\Pipeline\Pipeline->Illuminate\Pipeline\{closure}(Object(Illuminate\Http\Request))
#21 /Users/ryancyrus/Documents/Workspaces/Laravel/larabook/vendor/laravel/framework/src/Illuminate/Pipeline/Pipeline.php(125): App\Http\Middleware\RedirectIfAuthenticated->handle(Object(Illuminate\Http\Request), Object(Closure))
#22 [internal function]: Illuminate\Pipeline\Pipeline->Illuminate\Pipeline\{closure}(Object(Illuminate\Http\Request))
#23 /Users/ryancyrus/Documents/Workspaces/Laravel/larabook/vendor/laravel/framework/src/Illuminate/Pipeline/Pipeline.php(101): call_user_func(Object(Closure), Object(Illuminate\Http\Request))
#24 /Users/ryancyrus/Documents/Workspaces/Laravel/larabook/vendor/laravel/framework/src/Illuminate/Routing/ControllerDispatcher.php(108): Illuminate\Pipeline\Pipeline->then(Object(Closure))
#25 /Users/ryancyrus/Documents/Workspaces/Laravel/larabook/vendor/laravel/framework/src/Illuminate/Routing/ControllerDispatcher.php(67): Illuminate\Routing\ControllerDispatcher->callWithinStack(Object(App\Http\Controllers\Auth\AuthController), Object(Illuminate\Routing\Route), Object(Illuminate\Http\Request), 'postLogin')
#26 /Users/ryancyrus/Documents/Workspaces/Laravel/larabook/vendor/laravel/framework/src/Illuminate/Routing/Route.php(198): Illuminate\Routing\ControllerDispatcher->dispatch(Object(Illuminate\Routing\Route), Object(Illuminate\Http\Request), 'App\\Http\\Contro...', 'postLogin')
#27 /Users/ryancyrus/Documents/Workspaces/Laravel/larabook/vendor/laravel/framework/src/Illuminate/Routing/Route.php(131): Illuminate\Routing\Route->runWithCustomDispatcher(Object(Illuminate\Http\Request))
#28 /Users/ryancyrus/Documents/Workspaces/Laravel/larabook/vendor/laravel/framework/src/Illuminate/Routing/Router.php(692): Illuminate\Routing\Route->run(Object(Illuminate\Http\Request))
#29 [internal function]: Illuminate\Routing\Router->Illuminate\Routing\{closure}(Object(Illuminate\Http\Request))
#30 /Users/ryancyrus/Documents/Workspaces/Laravel/larabook/vendor/laravel/framework/src/Illuminate/Pipeline/Pipeline.php(141): call_user_func(Object(Closure), Object(Illuminate\Http\Request))
#31 [internal function]: Illuminate\Pipeline\Pipeline->Illuminate\Pipeline\{closure}(Object(Illuminate\Http\Request))
#32 /Users/ryancyrus/Documents/Workspaces/Laravel/larabook/vendor/laravel/framework/src/Illuminate/Pipeline/Pipeline.php(101): call_user_func(Object(Closure), Object(Illuminate\Http\Request))
#33 /Users/ryancyrus/Documents/Workspaces/Laravel/larabook/vendor/laravel/framework/src/Illuminate/Routing/Router.php(694): Illuminate\Pipeline\Pipeline->then(Object(Closure))
#34 /Users/ryancyrus/Documents/Workspaces/Laravel/larabook/vendor/laravel/framework/src/Illuminate/Routing/Router.php(661): Illuminate\Routing\Router->runRouteWithinStack(Object(Illuminate\Routing\Route), Object(Illuminate\Http\Request))
#35 /Users/ryancyrus/Documents/Workspaces/Laravel/larabook/vendor/laravel/framework/src/Illuminate/Routing/Router.php(619): Illuminate\Routing\Router->dispatchToRoute(Object(Illuminate\Http\Request))
#36 /Users/ryancyrus/Documents/Workspaces/Laravel/larabook/vendor/laravel/framework/src/Illuminate/Foundation/Http/Kernel.php(214): Illuminate\Routing\Router->dispatch(Object(Illuminate\Http\Request))
#37 [internal function]: Illuminate\Foundation\Http\Kernel->Illuminate\Foundation\Http\{closure}(Object(Illuminate\Http\Request))
#38 /Users/ryancyrus/Documents/Workspaces/Laravel/larabook/vendor/laravel/framework/src/Illuminate/Pipeline/Pipeline.php(141): call_user_func(Object(Closure), Object(Illuminate\Http\Request))
#39 /Users/ryancyrus/Documents/Workspaces/Laravel/larabook/vendor/laravel/framework/src/Illuminate/Foundation/Http/Middleware/VerifyCsrfToken.php(43): Illuminate\Pipeline\Pipeline->Illuminate\Pipeline\{closure}(Object(Illuminate\Http\Request))
#40 /Users/ryancyrus/Documents/Workspaces/Laravel/larabook/app/Http/Middleware/VerifyCsrfToken.php(17): Illuminate\Foundation\Http\Middleware\VerifyCsrfToken->handle(Object(Illuminate\Http\Request), Object(Closure))
#41 /Users/ryancyrus/Documents/Workspaces/Laravel/larabook/vendor/laravel/framework/src/Illuminate/Pipeline/Pipeline.php(125): App\Http\Middleware\VerifyCsrfToken->handle(Object(Illuminate\Http\Request), Object(Closure))
#42 /Users/ryancyrus/Documents/Workspaces/Laravel/larabook/vendor/laravel/framework/src/Illuminate/View/Middleware/ShareErrorsFromSession.php(55): Illuminate\Pipeline\Pipeline->Illuminate\Pipeline\{closure}(Object(Illuminate\Http\Request))
#43 /Users/ryancyrus/Documents/Workspaces/Laravel/larabook/vendor/laravel/framework/src/Illuminate/Pipeline/Pipeline.php(125): Illuminate\View\Middleware\ShareErrorsFromSession->handle(Object(Illuminate\Http\Request), Object(Closure))
#44 /Users/ryancyrus/Documents/Workspaces/Laravel/larabook/vendor/laravel/framework/src/Illuminate/Session/Middleware/StartSession.php(61): Illuminate\Pipeline\Pipeline->Illuminate\Pipeline\{closure}(Object(Illuminate\Http\Request))
#45 /Users/ryancyrus/Documents/Workspaces/Laravel/larabook/vendor/laravel/framework/src/Illuminate/Pipeline/Pipeline.php(125): Illuminate\Session\Middleware\StartSession->handle(Object(Illuminate\Http\Request), Object(Closure))
#46 /Users/ryancyrus/Documents/Workspaces/Laravel/larabook/vendor/laravel/framework/src/Illuminate/Cookie/Middleware/AddQueuedCookiesToResponse.php(36): Illuminate\Pipeline\Pipeline->Illuminate\Pipeline\{closure}(Object(Illuminate\Http\Request))
#47 /Users/ryancyrus/Documents/Workspaces/Laravel/larabook/vendor/laravel/framework/src/Illuminate/Pipeline/Pipeline.php(125): Illuminate\Cookie\Middleware\AddQueuedCookiesToResponse->handle(Object(Illuminate\Http\Request), Object(Closure))
#48 /Users/ryancyrus/Documents/Workspaces/Laravel/larabook/vendor/laravel/framework/src/Illuminate/Cookie/Middleware/EncryptCookies.php(40): Illuminate\Pipeline\Pipeline->Illuminate\Pipeline\{closure}(Object(Illuminate\Http\Request))
#49 /Users/ryancyrus/Documents/Workspaces/Laravel/larabook/vendor/laravel/framework/src/Illuminate/Pipeline/Pipeline.php(125): Illuminate\Cookie\Middleware\EncryptCookies->handle(Object(Illuminate\Http\Request), Object(Closure))
#50 /Users/ryancyrus/Documents/Workspaces/Laravel/larabook/vendor/laravel/framework/src/Illuminate/Foundation/Http/Middleware/CheckForMaintenanceMode.php(42): Illuminate\Pipeline\Pipeline->Illuminate\Pipeline\{closure}(Object(Illuminate\Http\Request))
#51 /Users/ryancyrus/Documents/Workspaces/Laravel/larabook/vendor/laravel/framework/src/Illuminate/Pipeline/Pipeline.php(125): Illuminate\Foundation\Http\Middleware\CheckForMaintenanceMode->handle(Object(Illuminate\Http\Request), Object(Closure))
#52 [internal function]: Illuminate\Pipeline\Pipeline->Illuminate\Pipeline\{closure}(Object(Illuminate\Http\Request))
#53 /Users/ryancyrus/Documents/Workspaces/Laravel/larabook/vendor/laravel/framework/src/Illuminate/Pipeline/Pipeline.php(101): call_user_func(Object(Closure), Object(Illuminate\Http\Request))
#54 /Users/ryancyrus/Documents/Workspaces/Laravel/larabook/vendor/laravel/framework/src/Illuminate/Foundation/Http/Kernel.php(115): Illuminate\Pipeline\Pipeline->then(Object(Closure))
#55 /Users/ryancyrus/Documents/Workspaces/Laravel/larabook/vendor/laravel/framework/src/Illuminate/Foundation/Http/Kernel.php(84): Illuminate\Foundation\Http\Kernel->sendRequestThroughRouter(Object(Illuminate\Http\Request))
#56 /Users/ryancyrus/Documents/Workspaces/Laravel/larabook/public/index.php(53): Illuminate\Foundation\Http\Kernel->handle(Object(Illuminate\Http\Request))
#57 {main}  
